CRITICAL - 2025-02-21 12:05:45 --> ErrorException: Undefined property: App\Controllers\APIProduct::$output
[Method: GET, Route: api/product]
in APPPATH\Controllers\APIProduct.php on line 9.
 1 APPPATH\Controllers\APIProduct.php(9): CodeIgniter\Debug\Exceptions->errorHandler(2, 'Undefined property: App\\Controllers\\APIProduct::$output', 'D:\\xampp\\htdocs\\codeignit4\\app\\Controllers\\APIProduct.php', 9)
 2 SYSTEMPATH\CodeIgniter.php(933): App\Controllers\APIProduct->index()
 3 SYSTEMPATH\CodeIgniter.php(507): CodeIgniter\CodeIgniter->runController(Object(App\Controllers\APIProduct))
 4 SYSTEMPATH\CodeIgniter.php(354): CodeIgniter\CodeIgniter->handleRequest(null, Object(Config\Cache), false)
 5 SYSTEMPATH\Boot.php(334): CodeIgniter\CodeIgniter->run()
 6 SYSTEMPATH\Boot.php(67): CodeIgniter\Boot::runCodeIgniter(Object(CodeIgniter\CodeIgniter))
 7 FCPATH\index.php(56): CodeIgniter\Boot::bootWeb(Object(Config\Paths))
CRITICAL - 2025-02-21 12:05:51 --> ErrorException: Undefined property: App\Controllers\APIProduct::$output
[Method: GET, Route: api/product]
in APPPATH\Controllers\APIProduct.php on line 9.
 1 APPPATH\Controllers\APIProduct.php(9): CodeIgniter\Debug\Exceptions->errorHandler(2, 'Undefined property: App\\Controllers\\APIProduct::$output', 'D:\\xampp\\htdocs\\codeignit4\\app\\Controllers\\APIProduct.php', 9)
 2 SYSTEMPATH\CodeIgniter.php(933): App\Controllers\APIProduct->index()
 3 SYSTEMPATH\CodeIgniter.php(507): CodeIgniter\CodeIgniter->runController(Object(App\Controllers\APIProduct))
 4 SYSTEMPATH\CodeIgniter.php(354): CodeIgniter\CodeIgniter->handleRequest(null, Object(Config\Cache), false)
 5 SYSTEMPATH\Boot.php(334): CodeIgniter\CodeIgniter->run()
 6 SYSTEMPATH\Boot.php(67): CodeIgniter\Boot::runCodeIgniter(Object(CodeIgniter\CodeIgniter))
 7 FCPATH\index.php(56): CodeIgniter\Boot::bootWeb(Object(Config\Paths))
CRITICAL - 2025-02-21 12:06:05 --> ErrorException: Undefined property: App\Controllers\APIProduct::$output
[Method: GET, Route: api/product]
in APPPATH\Controllers\APIProduct.php on line 9.
 1 APPPATH\Controllers\APIProduct.php(9): CodeIgniter\Debug\Exceptions->errorHandler(2, 'Undefined property: App\\Controllers\\APIProduct::$output', 'D:\\xampp\\htdocs\\codeignit4\\app\\Controllers\\APIProduct.php', 9)
 2 SYSTEMPATH\CodeIgniter.php(933): App\Controllers\APIProduct->index()
 3 SYSTEMPATH\CodeIgniter.php(507): CodeIgniter\CodeIgniter->runController(Object(App\Controllers\APIProduct))
 4 SYSTEMPATH\CodeIgniter.php(354): CodeIgniter\CodeIgniter->handleRequest(null, Object(Config\Cache), false)
 5 SYSTEMPATH\Boot.php(334): CodeIgniter\CodeIgniter->run()
 6 SYSTEMPATH\Boot.php(67): CodeIgniter\Boot::runCodeIgniter(Object(CodeIgniter\CodeIgniter))
 7 FCPATH\index.php(56): CodeIgniter\Boot::bootWeb(Object(Config\Paths))
CRITICAL - 2025-02-21 12:07:18 --> ErrorException: Undefined property: App\Controllers\ApiProduct::$output
[Method: GET, Route: api/product]
in APPPATH\Controllers\ApiProduct.php on line 9.
 1 APPPATH\Controllers\ApiProduct.php(9): CodeIgniter\Debug\Exceptions->errorHandler(2, 'Undefined property: App\\Controllers\\ApiProduct::$output', 'D:\\xampp\\htdocs\\codeignit4\\app\\Controllers\\ApiProduct.php', 9)
 2 SYSTEMPATH\CodeIgniter.php(933): App\Controllers\ApiProduct->index()
 3 SYSTEMPATH\CodeIgniter.php(507): CodeIgniter\CodeIgniter->runController(Object(App\Controllers\ApiProduct))
 4 SYSTEMPATH\CodeIgniter.php(354): CodeIgniter\CodeIgniter->handleRequest(null, Object(Config\Cache), false)
 5 SYSTEMPATH\Boot.php(334): CodeIgniter\CodeIgniter->run()
 6 SYSTEMPATH\Boot.php(67): CodeIgniter\Boot::runCodeIgniter(Object(CodeIgniter\CodeIgniter))
 7 FCPATH\index.php(56): CodeIgniter\Boot::bootWeb(Object(Config\Paths))
CRITICAL - 2025-02-21 12:08:50 --> ErrorException: Undefined property: App\Controllers\Apiproduct::$output
[Method: GET, Route: api/product]
in APPPATH\Controllers\Apiproduct.php on line 9.
 1 APPPATH\Controllers\Apiproduct.php(9): CodeIgniter\Debug\Exceptions->errorHandler(2, 'Undefined property: App\\Controllers\\Apiproduct::$output', 'D:\\xampp\\htdocs\\codeignit4\\app\\Controllers\\Apiproduct.php', 9)
 2 SYSTEMPATH\CodeIgniter.php(933): App\Controllers\Apiproduct->index()
 3 SYSTEMPATH\CodeIgniter.php(507): CodeIgniter\CodeIgniter->runController(Object(App\Controllers\Apiproduct))
 4 SYSTEMPATH\CodeIgniter.php(354): CodeIgniter\CodeIgniter->handleRequest(null, Object(Config\Cache), false)
 5 SYSTEMPATH\Boot.php(334): CodeIgniter\CodeIgniter->run()
 6 SYSTEMPATH\Boot.php(67): CodeIgniter\Boot::runCodeIgniter(Object(CodeIgniter\CodeIgniter))
 7 FCPATH\index.php(56): CodeIgniter\Boot::bootWeb(Object(Config\Paths))
CRITICAL - 2025-02-21 13:45:53 --> Error: Class "App\Models\ProductModel" not found
[Method: GET, Route: api/product/]
in APPPATH\Controllers\Apiproduct.php on line 12.
 1 SYSTEMPATH\CodeIgniter.php(903): App\Controllers\Apiproduct->__construct()
 2 SYSTEMPATH\CodeIgniter.php(498): CodeIgniter\CodeIgniter->createController()
 3 SYSTEMPATH\CodeIgniter.php(354): CodeIgniter\CodeIgniter->handleRequest(null, Object(Config\Cache), false)
 4 SYSTEMPATH\Boot.php(334): CodeIgniter\CodeIgniter->run()
 5 SYSTEMPATH\Boot.php(67): CodeIgniter\Boot::runCodeIgniter(Object(CodeIgniter\CodeIgniter))
 6 FCPATH\index.php(56): CodeIgniter\Boot::bootWeb(Object(Config\Paths))
 7 SYSTEMPATH\rewrite.php(44): require_once('D:\\xampp\\htdocs\\codeignit4\\public\\index.php')
CRITICAL - 2025-02-21 13:45:58 --> Error: Class "App\Models\ProductModel" not found
[Method: GET, Route: api/product]
in APPPATH\Controllers\Apiproduct.php on line 12.
 1 SYSTEMPATH\CodeIgniter.php(903): App\Controllers\Apiproduct->__construct()
 2 SYSTEMPATH\CodeIgniter.php(498): CodeIgniter\CodeIgniter->createController()
 3 SYSTEMPATH\CodeIgniter.php(354): CodeIgniter\CodeIgniter->handleRequest(null, Object(Config\Cache), false)
 4 SYSTEMPATH\Boot.php(334): CodeIgniter\CodeIgniter->run()
 5 SYSTEMPATH\Boot.php(67): CodeIgniter\Boot::runCodeIgniter(Object(CodeIgniter\CodeIgniter))
 6 FCPATH\index.php(56): CodeIgniter\Boot::bootWeb(Object(Config\Paths))
 7 SYSTEMPATH\rewrite.php(44): require_once('D:\\xampp\\htdocs\\codeignit4\\public\\index.php')
CRITICAL - 2025-02-21 13:46:55 --> Error: Class "App\Models\ProductModel" not found
[Method: GET, Route: api/product]
in APPPATH\Controllers\Apiproduct.php on line 12.
 1 SYSTEMPATH\CodeIgniter.php(903): App\Controllers\Apiproduct->__construct()
 2 SYSTEMPATH\CodeIgniter.php(498): CodeIgniter\CodeIgniter->createController()
 3 SYSTEMPATH\CodeIgniter.php(354): CodeIgniter\CodeIgniter->handleRequest(null, Object(Config\Cache), false)
 4 SYSTEMPATH\Boot.php(334): CodeIgniter\CodeIgniter->run()
 5 SYSTEMPATH\Boot.php(67): CodeIgniter\Boot::runCodeIgniter(Object(CodeIgniter\CodeIgniter))
 6 FCPATH\index.php(56): CodeIgniter\Boot::bootWeb(Object(Config\Paths))
 7 SYSTEMPATH\rewrite.php(44): require_once('D:\\xampp\\htdocs\\codeignit4\\public\\index.php')
WARNING - 2025-02-21 13:51:31 --> [DEPRECATED] Creation of dynamic property App\Controllers\Apiproduct::$product is deprecated in APPPATH\Controllers\Apiproduct.php on line 12.
 1 SYSTEMPATH\CodeIgniter.php(903): App\Controllers\Apiproduct->__construct()
 2 SYSTEMPATH\CodeIgniter.php(498): CodeIgniter\CodeIgniter->createController()
 3 SYSTEMPATH\CodeIgniter.php(354): CodeIgniter\CodeIgniter->handleRequest(null, Object(Config\Cache), false)
 4 SYSTEMPATH\Boot.php(334): CodeIgniter\CodeIgniter->run()
 5 SYSTEMPATH\Boot.php(67): CodeIgniter\Boot::runCodeIgniter(Object(CodeIgniter\CodeIgniter))
 6 FCPATH\index.php(56): CodeIgniter\Boot::bootWeb(Object(Config\Paths))
 7 SYSTEMPATH\rewrite.php(44): require_once('D:\\xampp\\htdocs\\codeignit4\\public\\index.php')
WARNING - 2025-02-21 13:51:41 --> [DEPRECATED] Creation of dynamic property App\Controllers\Apiproduct::$product is deprecated in APPPATH\Controllers\Apiproduct.php on line 12.
 1 SYSTEMPATH\CodeIgniter.php(903): App\Controllers\Apiproduct->__construct()
 2 SYSTEMPATH\CodeIgniter.php(498): CodeIgniter\CodeIgniter->createController()
 3 SYSTEMPATH\CodeIgniter.php(354): CodeIgniter\CodeIgniter->handleRequest(null, Object(Config\Cache), false)
 4 SYSTEMPATH\Boot.php(334): CodeIgniter\CodeIgniter->run()
 5 SYSTEMPATH\Boot.php(67): CodeIgniter\Boot::runCodeIgniter(Object(CodeIgniter\CodeIgniter))
 6 FCPATH\index.php(56): CodeIgniter\Boot::bootWeb(Object(Config\Paths))
 7 SYSTEMPATH\rewrite.php(44): require_once('D:\\xampp\\htdocs\\codeignit4\\public\\index.php')
WARNING - 2025-02-21 13:53:29 --> [DEPRECATED] Creation of dynamic property App\Controllers\Apiproduct::$product is deprecated in APPPATH\Controllers\Apiproduct.php on line 12.
 1 SYSTEMPATH\CodeIgniter.php(903): App\Controllers\Apiproduct->__construct()
 2 SYSTEMPATH\CodeIgniter.php(498): CodeIgniter\CodeIgniter->createController()
 3 SYSTEMPATH\CodeIgniter.php(354): CodeIgniter\CodeIgniter->handleRequest(null, Object(Config\Cache), false)
 4 SYSTEMPATH\Boot.php(334): CodeIgniter\CodeIgniter->run()
 5 SYSTEMPATH\Boot.php(67): CodeIgniter\Boot::runCodeIgniter(Object(CodeIgniter\CodeIgniter))
 6 FCPATH\index.php(56): CodeIgniter\Boot::bootWeb(Object(Config\Paths))
 7 SYSTEMPATH\rewrite.php(44): require_once('D:\\xampp\\htdocs\\codeignit4\\public\\index.php')
CRITICAL - 2025-02-21 13:53:29 --> Error: Call to undefined function App\Controllers\findAll()
[Method: GET, Route: api/product/]
in APPPATH\Controllers\Apiproduct.php on line 22.
 1 SYSTEMPATH\CodeIgniter.php(933): App\Controllers\Apiproduct->index()
 2 SYSTEMPATH\CodeIgniter.php(507): CodeIgniter\CodeIgniter->runController(Object(App\Controllers\Apiproduct))
 3 SYSTEMPATH\CodeIgniter.php(354): CodeIgniter\CodeIgniter->handleRequest(null, Object(Config\Cache), false)
 4 SYSTEMPATH\Boot.php(334): CodeIgniter\CodeIgniter->run()
 5 SYSTEMPATH\Boot.php(67): CodeIgniter\Boot::runCodeIgniter(Object(CodeIgniter\CodeIgniter))
 6 FCPATH\index.php(56): CodeIgniter\Boot::bootWeb(Object(Config\Paths))
 7 SYSTEMPATH\rewrite.php(44): require_once('D:\\xampp\\htdocs\\codeignit4\\public\\index.php')
WARNING - 2025-02-21 13:53:43 --> [DEPRECATED] Creation of dynamic property App\Controllers\Apiproduct::$product is deprecated in APPPATH\Controllers\Apiproduct.php on line 12.
 1 SYSTEMPATH\CodeIgniter.php(903): App\Controllers\Apiproduct->__construct()
 2 SYSTEMPATH\CodeIgniter.php(498): CodeIgniter\CodeIgniter->createController()
 3 SYSTEMPATH\CodeIgniter.php(354): CodeIgniter\CodeIgniter->handleRequest(null, Object(Config\Cache), false)
 4 SYSTEMPATH\Boot.php(334): CodeIgniter\CodeIgniter->run()
 5 SYSTEMPATH\Boot.php(67): CodeIgniter\Boot::runCodeIgniter(Object(CodeIgniter\CodeIgniter))
 6 FCPATH\index.php(56): CodeIgniter\Boot::bootWeb(Object(Config\Paths))
 7 SYSTEMPATH\rewrite.php(44): require_once('D:\\xampp\\htdocs\\codeignit4\\public\\index.php')
CRITICAL - 2025-02-21 13:53:43 --> Error: Call to undefined method App\Controllers\Product::findAll()
[Method: GET, Route: api/product/]
in APPPATH\Controllers\Apiproduct.php on line 22.
 1 SYSTEMPATH\CodeIgniter.php(933): App\Controllers\Apiproduct->index()
 2 SYSTEMPATH\CodeIgniter.php(507): CodeIgniter\CodeIgniter->runController(Object(App\Controllers\Apiproduct))
 3 SYSTEMPATH\CodeIgniter.php(354): CodeIgniter\CodeIgniter->handleRequest(null, Object(Config\Cache), false)
 4 SYSTEMPATH\Boot.php(334): CodeIgniter\CodeIgniter->run()
 5 SYSTEMPATH\Boot.php(67): CodeIgniter\Boot::runCodeIgniter(Object(CodeIgniter\CodeIgniter))
 6 FCPATH\index.php(56): CodeIgniter\Boot::bootWeb(Object(Config\Paths))
 7 SYSTEMPATH\rewrite.php(44): require_once('D:\\xampp\\htdocs\\codeignit4\\public\\index.php')
WARNING - 2025-02-21 13:53:45 --> [DEPRECATED] Creation of dynamic property App\Controllers\Apiproduct::$product is deprecated in APPPATH\Controllers\Apiproduct.php on line 12.
 1 SYSTEMPATH\CodeIgniter.php(903): App\Controllers\Apiproduct->__construct()
 2 SYSTEMPATH\CodeIgniter.php(498): CodeIgniter\CodeIgniter->createController()
 3 SYSTEMPATH\CodeIgniter.php(354): CodeIgniter\CodeIgniter->handleRequest(null, Object(Config\Cache), false)
 4 SYSTEMPATH\Boot.php(334): CodeIgniter\CodeIgniter->run()
 5 SYSTEMPATH\Boot.php(67): CodeIgniter\Boot::runCodeIgniter(Object(CodeIgniter\CodeIgniter))
 6 FCPATH\index.php(56): CodeIgniter\Boot::bootWeb(Object(Config\Paths))
 7 SYSTEMPATH\rewrite.php(44): require_once('D:\\xampp\\htdocs\\codeignit4\\public\\index.php')
CRITICAL - 2025-02-21 13:53:45 --> Error: Call to undefined method App\Controllers\Product::findAll()
[Method: GET, Route: api/product/]
in APPPATH\Controllers\Apiproduct.php on line 22.
 1 SYSTEMPATH\CodeIgniter.php(933): App\Controllers\Apiproduct->index()
 2 SYSTEMPATH\CodeIgniter.php(507): CodeIgniter\CodeIgniter->runController(Object(App\Controllers\Apiproduct))
 3 SYSTEMPATH\CodeIgniter.php(354): CodeIgniter\CodeIgniter->handleRequest(null, Object(Config\Cache), false)
 4 SYSTEMPATH\Boot.php(334): CodeIgniter\CodeIgniter->run()
 5 SYSTEMPATH\Boot.php(67): CodeIgniter\Boot::runCodeIgniter(Object(CodeIgniter\CodeIgniter))
 6 FCPATH\index.php(56): CodeIgniter\Boot::bootWeb(Object(Config\Paths))
 7 SYSTEMPATH\rewrite.php(44): require_once('D:\\xampp\\htdocs\\codeignit4\\public\\index.php')
CRITICAL - 2025-02-21 13:55:01 --> Error: Call to undefined method App\Controllers\Product::findAll()
[Method: GET, Route: api/product/]
in APPPATH\Controllers\Apiproduct.php on line 20.
 1 SYSTEMPATH\CodeIgniter.php(933): App\Controllers\Apiproduct->index()
 2 SYSTEMPATH\CodeIgniter.php(507): CodeIgniter\CodeIgniter->runController(Object(App\Controllers\Apiproduct))
 3 SYSTEMPATH\CodeIgniter.php(354): CodeIgniter\CodeIgniter->handleRequest(null, Object(Config\Cache), false)
 4 SYSTEMPATH\Boot.php(334): CodeIgniter\CodeIgniter->run()
 5 SYSTEMPATH\Boot.php(67): CodeIgniter\Boot::runCodeIgniter(Object(CodeIgniter\CodeIgniter))
 6 FCPATH\index.php(56): CodeIgniter\Boot::bootWeb(Object(Config\Paths))
 7 SYSTEMPATH\rewrite.php(44): require_once('D:\\xampp\\htdocs\\codeignit4\\public\\index.php')
CRITICAL - 2025-02-21 13:55:05 --> Error: Call to undefined method App\Controllers\Product::findAll()
[Method: GET, Route: api/product/]
in APPPATH\Controllers\Apiproduct.php on line 20.
 1 SYSTEMPATH\CodeIgniter.php(933): App\Controllers\Apiproduct->index()
 2 SYSTEMPATH\CodeIgniter.php(507): CodeIgniter\CodeIgniter->runController(Object(App\Controllers\Apiproduct))
 3 SYSTEMPATH\CodeIgniter.php(354): CodeIgniter\CodeIgniter->handleRequest(null, Object(Config\Cache), false)
 4 SYSTEMPATH\Boot.php(334): CodeIgniter\CodeIgniter->run()
 5 SYSTEMPATH\Boot.php(67): CodeIgniter\Boot::runCodeIgniter(Object(CodeIgniter\CodeIgniter))
 6 FCPATH\index.php(56): CodeIgniter\Boot::bootWeb(Object(Config\Paths))
 7 SYSTEMPATH\rewrite.php(44): require_once('D:\\xampp\\htdocs\\codeignit4\\public\\index.php')
WARNING - 2025-02-21 13:55:45 --> [DEPRECATED] Creation of dynamic property App\Controllers\Apiproduct::$product is deprecated in APPPATH\Controllers\Apiproduct.php on line 12.
 1 SYSTEMPATH\CodeIgniter.php(903): App\Controllers\Apiproduct->__construct()
 2 SYSTEMPATH\CodeIgniter.php(498): CodeIgniter\CodeIgniter->createController()
 3 SYSTEMPATH\CodeIgniter.php(354): CodeIgniter\CodeIgniter->handleRequest(null, Object(Config\Cache), false)
 4 SYSTEMPATH\Boot.php(334): CodeIgniter\CodeIgniter->run()
 5 SYSTEMPATH\Boot.php(67): CodeIgniter\Boot::runCodeIgniter(Object(CodeIgniter\CodeIgniter))
 6 FCPATH\index.php(56): CodeIgniter\Boot::bootWeb(Object(Config\Paths))
 7 SYSTEMPATH\rewrite.php(44): require_once('D:\\xampp\\htdocs\\codeignit4\\public\\index.php')
WARNING - 2025-02-21 13:59:19 --> [DEPRECATED] Creation of dynamic property App\Controllers\Apiproduct::$product is deprecated in APPPATH\Controllers\Apiproduct.php on line 12.
 1 SYSTEMPATH\CodeIgniter.php(903): App\Controllers\Apiproduct->__construct()
 2 SYSTEMPATH\CodeIgniter.php(498): CodeIgniter\CodeIgniter->createController()
 3 SYSTEMPATH\CodeIgniter.php(354): CodeIgniter\CodeIgniter->handleRequest(null, Object(Config\Cache), false)
 4 SYSTEMPATH\Boot.php(334): CodeIgniter\CodeIgniter->run()
 5 SYSTEMPATH\Boot.php(67): CodeIgniter\Boot::runCodeIgniter(Object(CodeIgniter\CodeIgniter))
 6 FCPATH\index.php(56): CodeIgniter\Boot::bootWeb(Object(Config\Paths))
 7 SYSTEMPATH\rewrite.php(44): require_once('D:\\xampp\\htdocs\\codeignit4\\public\\index.php')
WARNING - 2025-02-21 13:59:35 --> [DEPRECATED] Creation of dynamic property App\Controllers\Apiproduct::$product is deprecated in APPPATH\Controllers\Apiproduct.php on line 12.
 1 SYSTEMPATH\CodeIgniter.php(903): App\Controllers\Apiproduct->__construct()
 2 SYSTEMPATH\CodeIgniter.php(498): CodeIgniter\CodeIgniter->createController()
 3 SYSTEMPATH\CodeIgniter.php(354): CodeIgniter\CodeIgniter->handleRequest(null, Object(Config\Cache), false)
 4 SYSTEMPATH\Boot.php(334): CodeIgniter\CodeIgniter->run()
 5 SYSTEMPATH\Boot.php(67): CodeIgniter\Boot::runCodeIgniter(Object(CodeIgniter\CodeIgniter))
 6 FCPATH\index.php(56): CodeIgniter\Boot::bootWeb(Object(Config\Paths))
 7 SYSTEMPATH\rewrite.php(44): require_once('D:\\xampp\\htdocs\\codeignit4\\public\\index.php')
WARNING - 2025-02-21 14:01:12 --> [DEPRECATED] Creation of dynamic property App\Controllers\Apiproduct::$product is deprecated in APPPATH\Controllers\Apiproduct.php on line 12.
 1 SYSTEMPATH\CodeIgniter.php(903): App\Controllers\Apiproduct->__construct()
 2 SYSTEMPATH\CodeIgniter.php(498): CodeIgniter\CodeIgniter->createController()
 3 SYSTEMPATH\CodeIgniter.php(354): CodeIgniter\CodeIgniter->handleRequest(null, Object(Config\Cache), false)
 4 SYSTEMPATH\Boot.php(334): CodeIgniter\CodeIgniter->run()
 5 SYSTEMPATH\Boot.php(67): CodeIgniter\Boot::runCodeIgniter(Object(CodeIgniter\CodeIgniter))
 6 FCPATH\index.php(56): CodeIgniter\Boot::bootWeb(Object(Config\Paths))
 7 SYSTEMPATH\rewrite.php(44): require_once('D:\\xampp\\htdocs\\codeignit4\\public\\index.php')
CRITICAL - 2025-02-21 14:01:12 --> ArgumentCountError: Too few arguments to function App\Controllers\Apiproduct::store(), 0 passed in D:\xampp\htdocs\codeignit4\system\CodeIgniter.php on line 933 and exactly 1 expected
[Method: POST, Route: api/product/]
in APPPATH\Controllers\Apiproduct.php on line 27.
 1 SYSTEMPATH\CodeIgniter.php(933): App\Controllers\Apiproduct->store()
 2 SYSTEMPATH\CodeIgniter.php(507): CodeIgniter\CodeIgniter->runController(Object(App\Controllers\Apiproduct))
 3 SYSTEMPATH\CodeIgniter.php(354): CodeIgniter\CodeIgniter->handleRequest(null, Object(Config\Cache), false)
 4 SYSTEMPATH\Boot.php(334): CodeIgniter\CodeIgniter->run()
 5 SYSTEMPATH\Boot.php(67): CodeIgniter\Boot::runCodeIgniter(Object(CodeIgniter\CodeIgniter))
 6 FCPATH\index.php(56): CodeIgniter\Boot::bootWeb(Object(Config\Paths))
 7 SYSTEMPATH\rewrite.php(44): require_once('D:\\xampp\\htdocs\\codeignit4\\public\\index.php')
WARNING - 2025-02-21 14:02:02 --> [DEPRECATED] Creation of dynamic property App\Controllers\Apiproduct::$product is deprecated in APPPATH\Controllers\Apiproduct.php on line 12.
 1 SYSTEMPATH\CodeIgniter.php(903): App\Controllers\Apiproduct->__construct()
 2 SYSTEMPATH\CodeIgniter.php(498): CodeIgniter\CodeIgniter->createController()
 3 SYSTEMPATH\CodeIgniter.php(354): CodeIgniter\CodeIgniter->handleRequest(null, Object(Config\Cache), false)
 4 SYSTEMPATH\Boot.php(334): CodeIgniter\CodeIgniter->run()
 5 SYSTEMPATH\Boot.php(67): CodeIgniter\Boot::runCodeIgniter(Object(CodeIgniter\CodeIgniter))
 6 FCPATH\index.php(56): CodeIgniter\Boot::bootWeb(Object(Config\Paths))
 7 SYSTEMPATH\rewrite.php(44): require_once('D:\\xampp\\htdocs\\codeignit4\\public\\index.php')
WARNING - 2025-02-21 14:02:07 --> [DEPRECATED] Creation of dynamic property App\Controllers\Apiproduct::$product is deprecated in APPPATH\Controllers\Apiproduct.php on line 12.
 1 SYSTEMPATH\CodeIgniter.php(903): App\Controllers\Apiproduct->__construct()
 2 SYSTEMPATH\CodeIgniter.php(498): CodeIgniter\CodeIgniter->createController()
 3 SYSTEMPATH\CodeIgniter.php(354): CodeIgniter\CodeIgniter->handleRequest(null, Object(Config\Cache), false)
 4 SYSTEMPATH\Boot.php(334): CodeIgniter\CodeIgniter->run()
 5 SYSTEMPATH\Boot.php(67): CodeIgniter\Boot::runCodeIgniter(Object(CodeIgniter\CodeIgniter))
 6 FCPATH\index.php(56): CodeIgniter\Boot::bootWeb(Object(Config\Paths))
 7 SYSTEMPATH\rewrite.php(44): require_once('D:\\xampp\\htdocs\\codeignit4\\public\\index.php')
WARNING - 2025-02-21 14:02:30 --> [DEPRECATED] Creation of dynamic property App\Controllers\Apiproduct::$product is deprecated in APPPATH\Controllers\Apiproduct.php on line 12.
 1 SYSTEMPATH\CodeIgniter.php(903): App\Controllers\Apiproduct->__construct()
 2 SYSTEMPATH\CodeIgniter.php(498): CodeIgniter\CodeIgniter->createController()
 3 SYSTEMPATH\CodeIgniter.php(354): CodeIgniter\CodeIgniter->handleRequest(null, Object(Config\Cache), false)
 4 SYSTEMPATH\Boot.php(334): CodeIgniter\CodeIgniter->run()
 5 SYSTEMPATH\Boot.php(67): CodeIgniter\Boot::runCodeIgniter(Object(CodeIgniter\CodeIgniter))
 6 FCPATH\index.php(56): CodeIgniter\Boot::bootWeb(Object(Config\Paths))
 7 SYSTEMPATH\rewrite.php(44): require_once('D:\\xampp\\htdocs\\codeignit4\\public\\index.php')
WARNING - 2025-02-21 14:02:37 --> [DEPRECATED] Creation of dynamic property App\Controllers\Apiproduct::$product is deprecated in APPPATH\Controllers\Apiproduct.php on line 12.
 1 SYSTEMPATH\CodeIgniter.php(903): App\Controllers\Apiproduct->__construct()
 2 SYSTEMPATH\CodeIgniter.php(498): CodeIgniter\CodeIgniter->createController()
 3 SYSTEMPATH\CodeIgniter.php(354): CodeIgniter\CodeIgniter->handleRequest(null, Object(Config\Cache), false)
 4 SYSTEMPATH\Boot.php(334): CodeIgniter\CodeIgniter->run()
 5 SYSTEMPATH\Boot.php(67): CodeIgniter\Boot::runCodeIgniter(Object(CodeIgniter\CodeIgniter))
 6 FCPATH\index.php(56): CodeIgniter\Boot::bootWeb(Object(Config\Paths))
 7 SYSTEMPATH\rewrite.php(44): require_once('D:\\xampp\\htdocs\\codeignit4\\public\\index.php')
WARNING - 2025-02-21 14:03:35 --> [DEPRECATED] Creation of dynamic property App\Controllers\Apiproduct::$product is deprecated in APPPATH\Controllers\Apiproduct.php on line 12.
 1 SYSTEMPATH\CodeIgniter.php(903): App\Controllers\Apiproduct->__construct()
 2 SYSTEMPATH\CodeIgniter.php(498): CodeIgniter\CodeIgniter->createController()
 3 SYSTEMPATH\CodeIgniter.php(354): CodeIgniter\CodeIgniter->handleRequest(null, Object(Config\Cache), false)
 4 SYSTEMPATH\Boot.php(334): CodeIgniter\CodeIgniter->run()
 5 SYSTEMPATH\Boot.php(67): CodeIgniter\Boot::runCodeIgniter(Object(CodeIgniter\CodeIgniter))
 6 FCPATH\index.php(56): CodeIgniter\Boot::bootWeb(Object(Config\Paths))
 7 SYSTEMPATH\rewrite.php(44): require_once('D:\\xampp\\htdocs\\codeignit4\\public\\index.php')
WARNING - 2025-02-21 14:03:43 --> [DEPRECATED] Creation of dynamic property App\Controllers\Apiproduct::$product is deprecated in APPPATH\Controllers\Apiproduct.php on line 12.
 1 SYSTEMPATH\CodeIgniter.php(903): App\Controllers\Apiproduct->__construct()
 2 SYSTEMPATH\CodeIgniter.php(498): CodeIgniter\CodeIgniter->createController()
 3 SYSTEMPATH\CodeIgniter.php(354): CodeIgniter\CodeIgniter->handleRequest(null, Object(Config\Cache), false)
 4 SYSTEMPATH\Boot.php(334): CodeIgniter\CodeIgniter->run()
 5 SYSTEMPATH\Boot.php(67): CodeIgniter\Boot::runCodeIgniter(Object(CodeIgniter\CodeIgniter))
 6 FCPATH\index.php(56): CodeIgniter\Boot::bootWeb(Object(Config\Paths))
 7 SYSTEMPATH\rewrite.php(44): require_once('D:\\xampp\\htdocs\\codeignit4\\public\\index.php')
WARNING - 2025-02-21 14:03:49 --> [DEPRECATED] Creation of dynamic property App\Controllers\Apiproduct::$product is deprecated in APPPATH\Controllers\Apiproduct.php on line 12.
 1 SYSTEMPATH\CodeIgniter.php(903): App\Controllers\Apiproduct->__construct()
 2 SYSTEMPATH\CodeIgniter.php(498): CodeIgniter\CodeIgniter->createController()
 3 SYSTEMPATH\CodeIgniter.php(354): CodeIgniter\CodeIgniter->handleRequest(null, Object(Config\Cache), false)
 4 SYSTEMPATH\Boot.php(334): CodeIgniter\CodeIgniter->run()
 5 SYSTEMPATH\Boot.php(67): CodeIgniter\Boot::runCodeIgniter(Object(CodeIgniter\CodeIgniter))
 6 FCPATH\index.php(56): CodeIgniter\Boot::bootWeb(Object(Config\Paths))
 7 SYSTEMPATH\rewrite.php(44): require_once('D:\\xampp\\htdocs\\codeignit4\\public\\index.php')
WARNING - 2025-02-21 14:04:51 --> [DEPRECATED] Creation of dynamic property App\Controllers\Apiproduct::$product is deprecated in APPPATH\Controllers\Apiproduct.php on line 12.
 1 SYSTEMPATH\CodeIgniter.php(903): App\Controllers\Apiproduct->__construct()
 2 SYSTEMPATH\CodeIgniter.php(498): CodeIgniter\CodeIgniter->createController()
 3 SYSTEMPATH\CodeIgniter.php(354): CodeIgniter\CodeIgniter->handleRequest(null, Object(Config\Cache), false)
 4 SYSTEMPATH\Boot.php(334): CodeIgniter\CodeIgniter->run()
 5 SYSTEMPATH\Boot.php(67): CodeIgniter\Boot::runCodeIgniter(Object(CodeIgniter\CodeIgniter))
 6 FCPATH\index.php(56): CodeIgniter\Boot::bootWeb(Object(Config\Paths))
 7 SYSTEMPATH\rewrite.php(44): require_once('D:\\xampp\\htdocs\\codeignit4\\public\\index.php')
CRITICAL - 2025-02-21 14:04:51 --> Error: Call to undefined method CodeIgniter\HTTP\IncomingRequest::getPut()
[Method: PUT, Route: api/product/4]
in APPPATH\Controllers\Apiproduct.php on line 43.
 1 SYSTEMPATH\CodeIgniter.php(933): App\Controllers\Apiproduct->update('4')
 2 SYSTEMPATH\CodeIgniter.php(507): CodeIgniter\CodeIgniter->runController(Object(App\Controllers\Apiproduct))
 3 SYSTEMPATH\CodeIgniter.php(354): CodeIgniter\CodeIgniter->handleRequest(null, Object(Config\Cache), false)
 4 SYSTEMPATH\Boot.php(334): CodeIgniter\CodeIgniter->run()
 5 SYSTEMPATH\Boot.php(67): CodeIgniter\Boot::runCodeIgniter(Object(CodeIgniter\CodeIgniter))
 6 FCPATH\index.php(56): CodeIgniter\Boot::bootWeb(Object(Config\Paths))
 7 SYSTEMPATH\rewrite.php(44): require_once('D:\\xampp\\htdocs\\codeignit4\\public\\index.php')
WARNING - 2025-02-21 14:10:01 --> [DEPRECATED] Creation of dynamic property App\Controllers\Apiproduct::$product is deprecated in APPPATH\Controllers\Apiproduct.php on line 12.
 1 SYSTEMPATH\CodeIgniter.php(903): App\Controllers\Apiproduct->__construct()
 2 SYSTEMPATH\CodeIgniter.php(498): CodeIgniter\CodeIgniter->createController()
 3 SYSTEMPATH\CodeIgniter.php(354): CodeIgniter\CodeIgniter->handleRequest(null, Object(Config\Cache), false)
 4 SYSTEMPATH\Boot.php(334): CodeIgniter\CodeIgniter->run()
 5 SYSTEMPATH\Boot.php(67): CodeIgniter\Boot::runCodeIgniter(Object(CodeIgniter\CodeIgniter))
 6 FCPATH\index.php(56): CodeIgniter\Boot::bootWeb(Object(Config\Paths))
 7 SYSTEMPATH\rewrite.php(44): require_once('D:\\xampp\\htdocs\\codeignit4\\public\\index.php')
CRITICAL - 2025-02-21 14:10:01 --> Error: Call to undefined method CodeIgniter\HTTP\IncomingRequest::getPut()
[Method: PUT, Route: api/product/4]
in APPPATH\Controllers\Apiproduct.php on line 43.
 1 SYSTEMPATH\CodeIgniter.php(933): App\Controllers\Apiproduct->update('4')
 2 SYSTEMPATH\CodeIgniter.php(507): CodeIgniter\CodeIgniter->runController(Object(App\Controllers\Apiproduct))
 3 SYSTEMPATH\CodeIgniter.php(354): CodeIgniter\CodeIgniter->handleRequest(null, Object(Config\Cache), false)
 4 SYSTEMPATH\Boot.php(334): CodeIgniter\CodeIgniter->run()
 5 SYSTEMPATH\Boot.php(67): CodeIgniter\Boot::runCodeIgniter(Object(CodeIgniter\CodeIgniter))
 6 FCPATH\index.php(56): CodeIgniter\Boot::bootWeb(Object(Config\Paths))
 7 SYSTEMPATH\rewrite.php(44): require_once('D:\\xampp\\htdocs\\codeignit4\\public\\index.php')
WARNING - 2025-02-21 14:10:47 --> [DEPRECATED] Creation of dynamic property App\Controllers\Apiproduct::$product is deprecated in APPPATH\Controllers\Apiproduct.php on line 12.
 1 SYSTEMPATH\CodeIgniter.php(903): App\Controllers\Apiproduct->__construct()
 2 SYSTEMPATH\CodeIgniter.php(498): CodeIgniter\CodeIgniter->createController()
 3 SYSTEMPATH\CodeIgniter.php(354): CodeIgniter\CodeIgniter->handleRequest(null, Object(Config\Cache), false)
 4 SYSTEMPATH\Boot.php(334): CodeIgniter\CodeIgniter->run()
 5 SYSTEMPATH\Boot.php(67): CodeIgniter\Boot::runCodeIgniter(Object(CodeIgniter\CodeIgniter))
 6 FCPATH\index.php(56): CodeIgniter\Boot::bootWeb(Object(Config\Paths))
 7 SYSTEMPATH\rewrite.php(44): require_once('D:\\xampp\\htdocs\\codeignit4\\public\\index.php')
CRITICAL - 2025-02-21 14:10:47 --> ErrorException: Undefined variable $request
[Method: PUT, Route: api/product/4]
in APPPATH\Controllers\Apiproduct.php on line 43.
 1 APPPATH\Controllers\Apiproduct.php(43): CodeIgniter\Debug\Exceptions->errorHandler(2, 'Undefined variable $request', 'D:\\xampp\\htdocs\\codeignit4\\app\\Controllers\\Apiproduct.php', 43)
 2 SYSTEMPATH\CodeIgniter.php(933): App\Controllers\Apiproduct->update('4')
 3 SYSTEMPATH\CodeIgniter.php(507): CodeIgniter\CodeIgniter->runController(Object(App\Controllers\Apiproduct))
 4 SYSTEMPATH\CodeIgniter.php(354): CodeIgniter\CodeIgniter->handleRequest(null, Object(Config\Cache), false)
 5 SYSTEMPATH\Boot.php(334): CodeIgniter\CodeIgniter->run()
 6 SYSTEMPATH\Boot.php(67): CodeIgniter\Boot::runCodeIgniter(Object(CodeIgniter\CodeIgniter))
 7 FCPATH\index.php(56): CodeIgniter\Boot::bootWeb(Object(Config\Paths))
 8 SYSTEMPATH\rewrite.php(44): require_once('D:\\xampp\\htdocs\\codeignit4\\public\\index.php')
WARNING - 2025-02-21 14:11:13 --> [DEPRECATED] Creation of dynamic property App\Controllers\Apiproduct::$product is deprecated in APPPATH\Controllers\Apiproduct.php on line 12.
 1 SYSTEMPATH\CodeIgniter.php(903): App\Controllers\Apiproduct->__construct()
 2 SYSTEMPATH\CodeIgniter.php(498): CodeIgniter\CodeIgniter->createController()
 3 SYSTEMPATH\CodeIgniter.php(354): CodeIgniter\CodeIgniter->handleRequest(null, Object(Config\Cache), false)
 4 SYSTEMPATH\Boot.php(334): CodeIgniter\CodeIgniter->run()
 5 SYSTEMPATH\Boot.php(67): CodeIgniter\Boot::runCodeIgniter(Object(CodeIgniter\CodeIgniter))
 6 FCPATH\index.php(56): CodeIgniter\Boot::bootWeb(Object(Config\Paths))
 7 SYSTEMPATH\rewrite.php(44): require_once('D:\\xampp\\htdocs\\codeignit4\\public\\index.php')
CRITICAL - 2025-02-21 14:11:13 --> CodeIgniter\Database\Exceptions\DataException: There is no data to update.
[Method: PUT, Route: api/product/4]
in SYSTEMPATH\BaseModel.php on line 1010.
 1 SYSTEMPATH\BaseModel.php(1010): CodeIgniter\Database\Exceptions\DataException::forEmptyDataset('update')
 2 SYSTEMPATH\Model.php(863): CodeIgniter\BaseModel->update([...], [])
 3 APPPATH\Controllers\Apiproduct.php(45): CodeIgniter\Model->update('4', [...])
 4 SYSTEMPATH\CodeIgniter.php(933): App\Controllers\Apiproduct->update('4')
 5 SYSTEMPATH\CodeIgniter.php(507): CodeIgniter\CodeIgniter->runController(Object(App\Controllers\Apiproduct))
 6 SYSTEMPATH\CodeIgniter.php(354): CodeIgniter\CodeIgniter->handleRequest(null, Object(Config\Cache), false)
 7 SYSTEMPATH\Boot.php(334): CodeIgniter\CodeIgniter->run()
 8 SYSTEMPATH\Boot.php(67): CodeIgniter\Boot::runCodeIgniter(Object(CodeIgniter\CodeIgniter))
 9 FCPATH\index.php(56): CodeIgniter\Boot::bootWeb(Object(Config\Paths))
10 SYSTEMPATH\rewrite.php(44): require_once('D:\\xampp\\htdocs\\codeignit4\\public\\index.php')
WARNING - 2025-02-21 14:17:26 --> [DEPRECATED] Creation of dynamic property App\Controllers\Apiproduct::$product is deprecated in APPPATH\Controllers\Apiproduct.php on line 12.
 1 SYSTEMPATH\CodeIgniter.php(903): App\Controllers\Apiproduct->__construct()
 2 SYSTEMPATH\CodeIgniter.php(498): CodeIgniter\CodeIgniter->createController()
 3 SYSTEMPATH\CodeIgniter.php(354): CodeIgniter\CodeIgniter->handleRequest(null, Object(Config\Cache), false)
 4 SYSTEMPATH\Boot.php(334): CodeIgniter\CodeIgniter->run()
 5 SYSTEMPATH\Boot.php(67): CodeIgniter\Boot::runCodeIgniter(Object(CodeIgniter\CodeIgniter))
 6 FCPATH\index.php(56): CodeIgniter\Boot::bootWeb(Object(Config\Paths))
 7 SYSTEMPATH\rewrite.php(44): require_once('D:\\xampp\\htdocs\\codeignit4\\public\\index.php')
CRITICAL - 2025-02-21 14:17:26 --> CodeIgniter\Database\Exceptions\DataException: There is no data to update.
[Method: PUT, Route: api/product/4]
in SYSTEMPATH\BaseModel.php on line 1010.
 1 SYSTEMPATH\BaseModel.php(1010): CodeIgniter\Database\Exceptions\DataException::forEmptyDataset('update')
 2 SYSTEMPATH\Model.php(863): CodeIgniter\BaseModel->update([...], [])
 3 APPPATH\Controllers\Apiproduct.php(47): CodeIgniter\Model->update('4', [...])
 4 SYSTEMPATH\CodeIgniter.php(933): App\Controllers\Apiproduct->update('4')
 5 SYSTEMPATH\CodeIgniter.php(507): CodeIgniter\CodeIgniter->runController(Object(App\Controllers\Apiproduct))
 6 SYSTEMPATH\CodeIgniter.php(354): CodeIgniter\CodeIgniter->handleRequest(null, Object(Config\Cache), false)
 7 SYSTEMPATH\Boot.php(334): CodeIgniter\CodeIgniter->run()
 8 SYSTEMPATH\Boot.php(67): CodeIgniter\Boot::runCodeIgniter(Object(CodeIgniter\CodeIgniter))
 9 FCPATH\index.php(56): CodeIgniter\Boot::bootWeb(Object(Config\Paths))
10 SYSTEMPATH\rewrite.php(44): require_once('D:\\xampp\\htdocs\\codeignit4\\public\\index.php')
WARNING - 2025-02-21 14:18:18 --> [DEPRECATED] Creation of dynamic property App\Controllers\Apiproduct::$product is deprecated in APPPATH\Controllers\Apiproduct.php on line 12.
 1 SYSTEMPATH\CodeIgniter.php(903): App\Controllers\Apiproduct->__construct()
 2 SYSTEMPATH\CodeIgniter.php(498): CodeIgniter\CodeIgniter->createController()
 3 SYSTEMPATH\CodeIgniter.php(354): CodeIgniter\CodeIgniter->handleRequest(null, Object(Config\Cache), false)
 4 SYSTEMPATH\Boot.php(334): CodeIgniter\CodeIgniter->run()
 5 SYSTEMPATH\Boot.php(67): CodeIgniter\Boot::runCodeIgniter(Object(CodeIgniter\CodeIgniter))
 6 FCPATH\index.php(56): CodeIgniter\Boot::bootWeb(Object(Config\Paths))
 7 SYSTEMPATH\rewrite.php(44): require_once('D:\\xampp\\htdocs\\codeignit4\\public\\index.php')
